<?xml version="1.0" encoding="UTF-8"?>
<!-- Generated by org.testng.reporters.JUnitReportReporter -->
<testsuite hostname="DESKTOP-30EK6F0" failures="0" tests="1" name="com.zohocrm.testscript.LeadsModule" time="8.874" errors="0" timestamp="2022-10-16T11:43:28 IST" skipped="0">
  <testcase classname="com.zohocrm.testscript.LeadsModule" name="createLead" time="8.874"/>
  <system-out/>
</testsuite> <!-- com.zohocrm.testscript.LeadsModule -->
