<?xml version="1.0" encoding="UTF-8"?>
<!-- Generated by org.testng.reporters.JUnitReportReporter -->
<testsuite hostname="DESKTOP-30EK6F0" failures="0" tests="1" name="com.zohocrm.testscript.Demo" time="8.315" errors="0" timestamp="2022-10-15T10:11:21 IST" skipped="0">
  <testcase classname="com.zohocrm.testscript.Demo" name="demo" time="8.315"/>
  <system-out>
    <![CDATA[Hello]]>
  </system-out>
</testsuite> <!-- com.zohocrm.testscript.Demo -->
