<?xml version="1.0" encoding="UTF-8"?>
<!-- Generated by org.testng.reporters.JUnitReportReporter -->
<testsuite hostname="DESKTOP-30EK6F0" failures="0" tests="1" name="com.zohocrm.testscript.check" time="4.450" errors="0" timestamp="2022-10-16T09:43:06 IST" skipped="0">
  <testcase classname="com.zohocrm.testscript.check" name="check" time="4.450"/>
  <system-out/>
</testsuite> <!-- com.zohocrm.testscript.check -->
